cbc: error: var-semcheck.cb:3: not a constant
cbc: error: compile failed.
